[2016-06-09 19:40:19,400][INFO ][node                     ] [Bloodlust II] version[2.2.0], pid[5614], build[8ff36d1/2016-01-27T13:32:39Z]
[2016-06-09 19:40:19,400][INFO ][node                     ] [Bloodlust II] initializing ...
[2016-06-09 19:40:19,727][INFO ][plugins                  ] [Bloodlust II] modules [lang-expression, lang-groovy], plugins [], sites []
[2016-06-09 19:40:19,742][INFO ][env                      ] [Bloodlust II] using [1] data paths, mounts [[/ (/dev/disk1)]], net usable_space [180.5gb], net total_space [464.8gb], spins? [unknown], types [hfs]
[2016-06-09 19:40:19,742][INFO ][env                      ] [Bloodlust II] heap size [989.8mb], compressed ordinary object pointers [true]
[2016-06-09 19:40:20,787][INFO ][node                     ] [Bloodlust II] initialized
[2016-06-09 19:40:20,787][INFO ][node                     ] [Bloodlust II] starting ...
[2016-06-09 19:40:20,846][INFO ][transport                ] [Bloodlust II] publish_address {127.0.0.1:9300}, bound_addresses {[fe80::1]:9300}, {[::1]:9300}, {127.0.0.1:9300}
[2016-06-09 19:40:20,852][INFO ][discovery                ] [Bloodlust II] elasticsearch/EOx_Av-fSxO0eiZ4BMcB8Q
[2016-06-09 19:40:23,878][INFO ][cluster.service          ] [Bloodlust II] new_master {Bloodlust II}{EOx_Av-fSxO0eiZ4BMcB8Q}{127.0.0.1}{127.0.0.1:9300}, reason: zen-disco-join(elected_as_master, [0] joins received)
[2016-06-09 19:40:23,889][INFO ][http                     ] [Bloodlust II] publish_address {127.0.0.1:9200}, bound_addresses {[fe80::1]:9200}, {[::1]:9200}, {127.0.0.1:9200}
[2016-06-09 19:40:23,889][INFO ][node                     ] [Bloodlust II] started
[2016-06-09 19:40:23,905][INFO ][gateway                  ] [Bloodlust II] recovered [0] indices into cluster_state
[2016-06-09 19:40:54,171][INFO ][rest.suppressed          ] /_indices/_cat Params: {index=_indices, type=_cat}
java.lang.IllegalArgumentException: No feature for name [_cat]
	at org.elasticsearch.action.admin.indices.get.GetIndexRequest$Feature.fromName(GetIndexRequest.java:82)
	at org.elasticsearch.action.admin.indices.get.GetIndexRequest$Feature.convertToFeatures(GetIndexRequest.java:95)
	at org.elasticsearch.rest.action.admin.indices.get.RestGetIndicesAction.handleRequest(RestGetIndicesAction.java:77)
	at org.elasticsearch.rest.BaseRestHandler.handleRequest(BaseRestHandler.java:54)
	at org.elasticsearch.rest.RestController.executeHandler(RestController.java:207)
	at org.elasticsearch.rest.RestController.dispatchRequest(RestController.java:166)
	at org.elasticsearch.http.HttpServer.internalDispatchRequest(HttpServer.java:128)
	at org.elasticsearch.http.HttpServer$Dispatcher.dispatchRequest(HttpServer.java:86)
	at org.elasticsearch.http.netty.NettyHttpServerTransport.dispatchRequest(NettyHttpServerTransport.java:363)
	at org.elasticsearch.http.netty.HttpRequestHandler.messageReceived(HttpRequestHandler.java:63)
	at org.jboss.netty.channel.SimpleChannelUpstreamHandler.handleUpstream(SimpleChannelUpstreamHandler.java:70)
	at org.jboss.netty.channel.DefaultChannelPipeline.sendUpstream(DefaultChannelPipeline.java:564)
	at org.jboss.netty.channel.DefaultChannelPipeline$DefaultChannelHandlerContext.sendUpstream(DefaultChannelPipeline.java:791)
	at org.elasticsearch.http.netty.pipelining.HttpPipeliningHandler.messageReceived(HttpPipeliningHandler.java:60)
	at org.jboss.netty.channel.SimpleChannelHandler.handleUpstream(SimpleChannelHandler.java:88)
	at org.jboss.netty.channel.DefaultChannelPipeline.sendUpstream(DefaultChannelPipeline.java:564)
	at org.jboss.netty.channel.DefaultChannelPipeline$DefaultChannelHandlerContext.sendUpstream(DefaultChannelPipeline.java:791)
	at org.jboss.netty.handler.codec.http.HttpChunkAggregator.messageReceived(HttpChunkAggregator.java:145)
	at org.jboss.netty.channel.SimpleChannelUpstreamHandler.handleUpstream(SimpleChannelUpstreamHandler.java:70)
	at org.jboss.netty.channel.DefaultChannelPipeline.sendUpstream(DefaultChannelPipeline.java:564)
	at org.jboss.netty.channel.DefaultChannelPipeline$DefaultChannelHandlerContext.sendUpstream(DefaultChannelPipeline.java:791)
	at org.jboss.netty.handler.codec.http.HttpContentDecoder.messageReceived(HttpContentDecoder.java:108)
	at org.jboss.netty.channel.SimpleChannelUpstreamHandler.handleUpstream(SimpleChannelUpstreamHandler.java:70)
	at org.jboss.netty.channel.DefaultChannelPipeline.sendUpstream(DefaultChannelPipeline.java:564)
	at org.jboss.netty.channel.DefaultChannelPipeline$DefaultChannelHandlerContext.sendUpstream(DefaultChannelPipeline.java:791)
	at org.jboss.netty.channel.Channels.fireMessageReceived(Channels.java:296)
	at org.jboss.netty.handler.codec.frame.FrameDecoder.unfoldAndFireMessageReceived(FrameDecoder.java:459)
	at org.jboss.netty.handler.codec.replay.ReplayingDecoder.callDecode(ReplayingDecoder.java:536)
	at org.jboss.netty.handler.codec.replay.ReplayingDecoder.messageReceived(ReplayingDecoder.java:435)
	at org.jboss.netty.channel.SimpleChannelUpstreamHandler.handleUpstream(SimpleChannelUpstreamHandler.java:70)
	at org.jboss.netty.channel.DefaultChannelPipeline.sendUpstream(DefaultChannelPipeline.java:564)
	at org.jboss.netty.channel.DefaultChannelPipeline$DefaultChannelHandlerContext.sendUpstream(DefaultChannelPipeline.java:791)
	at org.elasticsearch.common.netty.OpenChannelsHandler.handleUpstream(OpenChannelsHandler.java:75)
	at org.jboss.netty.channel.DefaultChannelPipeline.sendUpstream(DefaultChannelPipeline.java:564)
	at org.jboss.netty.channel.DefaultChannelPipeline.sendUpstream(DefaultChannelPipeline.java:559)
	at org.jboss.netty.channel.Channels.fireMessageReceived(Channels.java:268)
	at org.jboss.netty.channel.Channels.fireMessageReceived(Channels.java:255)
	at org.jboss.netty.channel.socket.nio.NioWorker.read(NioWorker.java:88)
	at org.jboss.netty.channel.socket.nio.AbstractNioWorker.process(AbstractNioWorker.java:108)
	at org.jboss.netty.channel.socket.nio.AbstractNioSelector.run(AbstractNioSelector.java:337)
	at org.jboss.netty.channel.socket.nio.AbstractNioWorker.run(AbstractNioWorker.java:89)
	at org.jboss.netty.channel.socket.nio.NioWorker.run(NioWorker.java:178)
	at org.jboss.netty.util.ThreadRenamingRunnable.run(ThreadRenamingRunnable.java:108)
	at org.jboss.netty.util.internal.DeadLockProofWorker$1.run(DeadLockProofWorker.java:42)
	at java.util.concurrent.ThreadPoolExecutor.runWorker(ThreadPoolExecutor.java:1142)
	at java.util.concurrent.ThreadPoolExecutor$Worker.run(ThreadPoolExecutor.java:617)
	at java.lang.Thread.run(Thread.java:745)
[2016-06-09 19:40:57,738][INFO ][rest.suppressed          ] /indices/_cat Params: {index=indices, type=_cat}
java.lang.IllegalArgumentException: No feature for name [_cat]
	at org.elasticsearch.action.admin.indices.get.GetIndexRequest$Feature.fromName(GetIndexRequest.java:82)
	at org.elasticsearch.action.admin.indices.get.GetIndexRequest$Feature.convertToFeatures(GetIndexRequest.java:95)
	at org.elasticsearch.rest.action.admin.indices.get.RestGetIndicesAction.handleRequest(RestGetIndicesAction.java:77)
	at org.elasticsearch.rest.BaseRestHandler.handleRequest(BaseRestHandler.java:54)
	at org.elasticsearch.rest.RestController.executeHandler(RestController.java:207)
	at org.elasticsearch.rest.RestController.dispatchRequest(RestController.java:166)
	at org.elasticsearch.http.HttpServer.internalDispatchRequest(HttpServer.java:128)
	at org.elasticsearch.http.HttpServer$Dispatcher.dispatchRequest(HttpServer.java:86)
	at org.elasticsearch.http.netty.NettyHttpServerTransport.dispatchRequest(NettyHttpServerTransport.java:363)
	at org.elasticsearch.http.netty.HttpRequestHandler.messageReceived(HttpRequestHandler.java:63)
	at org.jboss.netty.channel.SimpleChannelUpstreamHandler.handleUpstream(SimpleChannelUpstreamHandler.java:70)
	at org.jboss.netty.channel.DefaultChannelPipeline.sendUpstream(DefaultChannelPipeline.java:564)
	at org.jboss.netty.channel.DefaultChannelPipeline$DefaultChannelHandlerContext.sendUpstream(DefaultChannelPipeline.java:791)
	at org.elasticsearch.http.netty.pipelining.HttpPipeliningHandler.messageReceived(HttpPipeliningHandler.java:60)
	at org.jboss.netty.channel.SimpleChannelHandler.handleUpstream(SimpleChannelHandler.java:88)
	at org.jboss.netty.channel.DefaultChannelPipeline.sendUpstream(DefaultChannelPipeline.java:564)
	at org.jboss.netty.channel.DefaultChannelPipeline$DefaultChannelHandlerContext.sendUpstream(DefaultChannelPipeline.java:791)
	at org.jboss.netty.handler.codec.http.HttpChunkAggregator.messageReceived(HttpChunkAggregator.java:145)
	at org.jboss.netty.channel.SimpleChannelUpstreamHandler.handleUpstream(SimpleChannelUpstreamHandler.java:70)
	at org.jboss.netty.channel.DefaultChannelPipeline.sendUpstream(DefaultChannelPipeline.java:564)
	at org.jboss.netty.channel.DefaultChannelPipeline$DefaultChannelHandlerContext.sendUpstream(DefaultChannelPipeline.java:791)
	at org.jboss.netty.handler.codec.http.HttpContentDecoder.messageReceived(HttpContentDecoder.java:108)
	at org.jboss.netty.channel.SimpleChannelUpstreamHandler.handleUpstream(SimpleChannelUpstreamHandler.java:70)
	at org.jboss.netty.channel.DefaultChannelPipeline.sendUpstream(DefaultChannelPipeline.java:564)
	at org.jboss.netty.channel.DefaultChannelPipeline$DefaultChannelHandlerContext.sendUpstream(DefaultChannelPipeline.java:791)
	at org.jboss.netty.channel.Channels.fireMessageReceived(Channels.java:296)
	at org.jboss.netty.handler.codec.frame.FrameDecoder.unfoldAndFireMessageReceived(FrameDecoder.java:459)
	at org.jboss.netty.handler.codec.replay.ReplayingDecoder.callDecode(ReplayingDecoder.java:536)
	at org.jboss.netty.handler.codec.replay.ReplayingDecoder.messageReceived(ReplayingDecoder.java:435)
	at org.jboss.netty.channel.SimpleChannelUpstreamHandler.handleUpstream(SimpleChannelUpstreamHandler.java:70)
	at org.jboss.netty.channel.DefaultChannelPipeline.sendUpstream(DefaultChannelPipeline.java:564)
	at org.jboss.netty.channel.DefaultChannelPipeline$DefaultChannelHandlerContext.sendUpstream(DefaultChannelPipeline.java:791)
	at org.elasticsearch.common.netty.OpenChannelsHandler.handleUpstream(OpenChannelsHandler.java:75)
	at org.jboss.netty.channel.DefaultChannelPipeline.sendUpstream(DefaultChannelPipeline.java:564)
	at org.jboss.netty.channel.DefaultChannelPipeline.sendUpstream(DefaultChannelPipeline.java:559)
	at org.jboss.netty.channel.Channels.fireMessageReceived(Channels.java:268)
	at org.jboss.netty.channel.Channels.fireMessageReceived(Channels.java:255)
	at org.jboss.netty.channel.socket.nio.NioWorker.read(NioWorker.java:88)
	at org.jboss.netty.channel.socket.nio.AbstractNioWorker.process(AbstractNioWorker.java:108)
	at org.jboss.netty.channel.socket.nio.AbstractNioSelector.run(AbstractNioSelector.java:337)
	at org.jboss.netty.channel.socket.nio.AbstractNioWorker.run(AbstractNioWorker.java:89)
	at org.jboss.netty.channel.socket.nio.NioWorker.run(NioWorker.java:178)
	at org.jboss.netty.util.ThreadRenamingRunnable.run(ThreadRenamingRunnable.java:108)
	at org.jboss.netty.util.internal.DeadLockProofWorker$1.run(DeadLockProofWorker.java:42)
	at java.util.concurrent.ThreadPoolExecutor.runWorker(ThreadPoolExecutor.java:1142)
	at java.util.concurrent.ThreadPoolExecutor$Worker.run(ThreadPoolExecutor.java:617)
	at java.lang.Thread.run(Thread.java:745)
[2016-06-09 20:04:19,760][INFO ][cluster.metadata         ] [Bloodlust II] [events] creating index, cause [auto(index api)], templates [], shards [5]/[1], mappings [events]
[2016-06-09 20:04:19,923][INFO ][cluster.routing.allocation] [Bloodlust II] Cluster health status changed from [RED] to [YELLOW] (reason: [shards started [[events][4]] ...]).
[2016-06-09 20:04:19,937][INFO ][cluster.metadata         ] [Bloodlust II] [events] update_mapping [events]
